<?xml version="1.0" encoding="UTF-8"?>
<!-- Generated by org.testng.reporters.JUnitXMLReporter -->
<testsuite ignored="0" hostname="DESKTOP-URHJUUA" failures="0" tests="4" name="Test" time="8.547" errors="0" timestamp="2025-01-01T19:00:40 IST">
  <testcase classname="api.testcases.UserTest" name="testCreateUser" time="2.764"/>
  <testcase classname="api.testcases.UserTest" name="testGetUserData" time="1.308"/>
  <testcase classname="api.testcases.UserTest" name="testUpdateUser" time="2.422"/>
  <testcase classname="api.testcases.UserTest" name="testDeleteUser" time="1.298"/>
</testsuite> <!-- Test -->
