<?xml version="1.0" encoding="UTF-8"?>
<testng-results ignored="0" total="4" passed="4" failed="0" skipped="0">
  <reporter-output>
  </reporter-output>
  <suite started-at="2025-01-01T19:00:31 IST" name="Suite" finished-at="2025-01-01T19:00:40 IST" duration-ms="8547">
    <groups>
    </groups>
    <test started-at="2025-01-01T19:00:31 IST" name="Test" finished-at="2025-01-01T19:00:40 IST" duration-ms="8547">
      <class name="api.testcases.UserTest">
        <test-method is-config="true" signature="generateTestData()[pri:0, instance:api.testcases.UserTest@75d4a5c2]" started-at="2025-01-01T19:00:31 IST" name="generateTestData" finished-at="2025-01-01T19:00:32 IST" duration-ms="520" status="PASS">
          <reporter-output>
          </reporter-output>
        </test-method> <!-- generateTestData -->
        <test-method signature="testCreateUser()[pri:1, instance:api.testcases.UserTest@75d4a5c2]" started-at="2025-01-01T19:00:32 IST" name="testCreateUser" finished-at="2025-01-01T19:00:35 IST" duration-ms="2764" status="PASS">
          <reporter-output>
          </reporter-output>
        </test-method> <!-- testCreateUser -->
        <test-method signature="testGetUserData()[pri:2, instance:api.testcases.UserTest@75d4a5c2]" started-at="2025-01-01T19:00:35 IST" name="testGetUserData" finished-at="2025-01-01T19:00:36 IST" duration-ms="1308" status="PASS">
          <reporter-output>
          </reporter-output>
        </test-method> <!-- testGetUserData -->
        <test-method signature="testUpdateUser()[pri:3, instance:api.testcases.UserTest@75d4a5c2]" started-at="2025-01-01T19:00:36 IST" name="testUpdateUser" finished-at="2025-01-01T19:00:39 IST" duration-ms="2422" status="PASS">
          <reporter-output>
          </reporter-output>
        </test-method> <!-- testUpdateUser -->
        <test-method signature="testDeleteUser()[pri:4, instance:api.testcases.UserTest@75d4a5c2]" started-at="2025-01-01T19:00:39 IST" name="testDeleteUser" finished-at="2025-01-01T19:00:40 IST" duration-ms="1298" status="PASS">
          <reporter-output>
          </reporter-output>
        </test-method> <!-- testDeleteUser -->
      </class> <!-- api.testcases.UserTest -->
    </test> <!-- Test -->
  </suite> <!-- Suite -->
</testng-results>
